#     4
A0201-IAPHQISSV_pMHC A0201-IAPHQISSV_pMHC
  1.000  1.000  0.4518279E+15  0.4518279E+15  0.4518279E+15  0.4518279E+15  0.4518279E+15  1.000  1.000  13853  13853  13853
A0201-LLAVLTAAP_pMHC A0201-IAPHQISSV_pMHC
  0.968  0.968  0.4532577E+15  0.4515627E+15  0.4379353E+15  0.4539467E+15  0.4518279E+15  0.986  0.986  13896  13853  13676
A0201-LLAVLTAAP_pMHC A0201-LLAVLTAAP_pMHC
  1.000  1.000  0.4539467E+15  0.4539467E+15  0.4539467E+15  0.4539467E+15  0.4539467E+15  1.000  1.000  13896  13896  13896
A0201-MILLVLVSA_pMHC A0201-IAPHQISSV_pMHC
  0.959  0.959  0.4347352E+15  0.4518279E+15  0.4249791E+15  0.4347352E+15  0.4518279E+15  0.987  0.987  13840  13853  13672
A0201-MILLVLVSA_pMHC A0201-LLAVLTAAP_pMHC
  0.960  0.960  0.4341650E+15  0.4537883E+15  0.4261780E+15  0.4347352E+15  0.4539467E+15  0.990  0.990  13840  13896  13732
A0201-MILLVLVSA_pMHC A0201-MILLVLVSA_pMHC
  1.000  1.000  0.4347352E+15  0.4347352E+15  0.4347352E+15  0.4347352E+15  0.4347352E+15  1.000  1.000  13840  13840  13840
A0201-TLAGKGISV_pMHC A0201-IAPHQISSV_pMHC
  0.959  0.959  0.4525029E+15  0.4513316E+15  0.4332245E+15  0.4574324E+15  0.4518279E+15  0.988  0.988  13899  13853  13706
A0201-TLAGKGISV_pMHC A0201-LLAVLTAAP_pMHC
  0.957  0.957  0.4534425E+15  0.4511425E+15  0.4330342E+15  0.4574324E+15  0.4539467E+15  0.989  0.989  13899  13896  13751
A0201-TLAGKGISV_pMHC A0201-MILLVLVSA_pMHC
  0.969  0.969  0.4464056E+15  0.4347352E+15  0.4270826E+15  0.4574324E+15  0.4347352E+15  0.990  0.990  13899  13840  13731
A0201-TLAGKGISV_pMHC A0201-TLAGKGISV_pMHC
  1.000  1.000  0.4574324E+15  0.4574324E+15  0.4574324E+15  0.4574324E+15  0.4574324E+15  1.000  1.000  13899  13899  13899
