#     4
A0201-IAPHQISSV_pMHC A0201-IAPHQISSV_pMHC
  1.000  1.000  0.1603888E+03  0.1603888E+03  0.1603888E+03  0.1603888E+03  0.1603888E+03
A0201-LLAVLTAAP_pMHC A0201-IAPHQISSV_pMHC
  1.000  1.000  0.1616381E+03  0.1603888E+03  0.1610071E+03  0.1616381E+03  0.1603888E+03
A0201-LLAVLTAAP_pMHC A0201-LLAVLTAAP_pMHC
  1.000  1.000  0.1616381E+03  0.1616381E+03  0.1616381E+03  0.1616381E+03  0.1616381E+03
A0201-MILLVLVSA_pMHC A0201-IAPHQISSV_pMHC
  1.000  1.000  0.1605888E+03  0.1603888E+03  0.1604849E+03  0.1605888E+03  0.1603888E+03
A0201-MILLVLVSA_pMHC A0201-LLAVLTAAP_pMHC
  1.000  1.000  0.1605888E+03  0.1616381E+03  0.1611114E+03  0.1605888E+03  0.1616381E+03
A0201-MILLVLVSA_pMHC A0201-MILLVLVSA_pMHC
  1.000  1.000  0.1605888E+03  0.1605888E+03  0.1605888E+03  0.1605888E+03  0.1605888E+03
A0201-TLAGKGISV_pMHC A0201-IAPHQISSV_pMHC
  0.989  0.990  0.1722110E+03  0.1603888E+03  0.1644579E+03  0.1722110E+03  0.1603888E+03
A0201-TLAGKGISV_pMHC A0201-LLAVLTAAP_pMHC
  0.990  0.990  0.1722110E+03  0.1616381E+03  0.1652412E+03  0.1722110E+03  0.1616381E+03
A0201-TLAGKGISV_pMHC A0201-MILLVLVSA_pMHC
  0.989  0.990  0.1722110E+03  0.1605888E+03  0.1646338E+03  0.1722110E+03  0.1605888E+03
A0201-TLAGKGISV_pMHC A0201-TLAGKGISV_pMHC
  1.000  1.000  0.1722110E+03  0.1722110E+03  0.1722110E+03  0.1722110E+03  0.1722110E+03
